Build started 11/5/2014 8:43:13 PM.
     1>Project "C:\Users\bEEDON\Documents\1. SCHOOL\CIS\CIS 17C\CIS17C_48596\Class\Recursion\Recursion.vcxproj" on node 2 (Build target(s)).
     1>InitializeBuildStatus:
         Touching "Debug\Recursion.unsuccessfulbuild".
       ClCompile:
         C:\Program Files (x86)\Microsoft Visual Studio 11.0\VC\bin\CL.exe /c /ZI /nologo /W3 /WX- /Od /Oy- /D WIN32 /D _DEBUG /D _WINDOWS /D _UNICODE /D UNICODE /Gm /EHsc /RTC1 /MDd /GS /fp:precise /Zc:wchar_t /Zc:forScope /Fo"Debug\\" /Fd"Debug\vc110.pdb" /Gd /TP /analyze- /errorReport:prompt main.cpp
         main.cpp
     1>c:\users\beedon\documents\1. school\cis\cis 17c\cis17c_48596\class\recursion\main.cpp(25): warning C4305: 'initializing' : truncation from 'double' to 'float'
     1>c:\users\beedon\documents\1. school\cis\cis 17c\cis17c_48596\class\recursion\main.cpp(26): warning C4244: 'initializing' : conversion from 'double' to 'float', possible loss of data
     1>c:\users\beedon\documents\1. school\cis\cis 17c\cis17c_48596\class\recursion\main.cpp(34): warning C4305: 'initializing' : truncation from 'double' to 'float'
     1>c:\users\beedon\documents\1. school\cis\cis 17c\cis17c_48596\class\recursion\main.cpp(43): warning C4305: 'initializing' : truncation from 'double' to 'float'
     1>c:\users\beedon\documents\1. school\cis\cis 17c\cis17c_48596\class\recursion\main.cpp(49): error C2084: function 'float tan(float)' already has a body
                 c:\program files (x86)\microsoft visual studio 11.0\vc\include\math.h(542) : see previous definition of 'tan'
     1>c:\users\beedon\documents\1. school\cis\cis 17c\cis17c_48596\class\recursion\main.cpp(53): warning C4305: 'initializing' : truncation from 'double' to 'float'
     1>c:\users\beedon\documents\1. school\cis\cis 17c\cis17c_48596\class\recursion\main.cpp(55): error C2264: 'tan' : error in function definition or declaration; function not called
     1>Done Building Project "C:\Users\bEEDON\Documents\1. SCHOOL\CIS\CIS 17C\CIS17C_48596\Class\Recursion\Recursion.vcxproj" (Build target(s)) -- FAILED.

Build FAILED.

Time Elapsed 00:00:00.63
